<?xml version="1.0" encoding="utf-8"?><testsuites name="pytest tests"><testsuite name="pytest" errors="0" failures="0" skipped="0" tests="14" time="5.648" timestamp="2026-04-02T01:48:36.527853+00:00" hostname="agent-env-36ef5330-7e27-4f85-ba4a-1d3474ad36cf"><testcase classname="backend.tests.test_knowledge_wars_api.TestAuthentication" name="test_login_user1_success" time="0.451" /><testcase classname="backend.tests.test_knowledge_wars_api.TestAuthentication" name="test_login_user2_success" time="0.353" /><testcase classname="backend.tests.test_knowledge_wars_api.TestAuthentication" name="test_login_invalid_credentials" time="0.348" /><testcase classname="backend.tests.test_knowledge_wars_api.TestAuthentication" name="test_login_nonexistent_user" time="0.105" /><testcase classname="backend.tests.test_knowledge_wars_api.TestUserCredits" name="test_get_user_credits" time="0.446" /><testcase classname="backend.tests.test_knowledge_wars_api.TestUserCredits" name="test_get_auth_me" time="0.468" /><testcase classname="backend.tests.test_knowledge_wars_api.TestMatchEndpoints" name="test_get_pending_matches" time="0.864" /><testcase classname="backend.tests.test_knowledge_wars_api.TestMatchEndpoints" name="test_get_my_active_matches" time="0.838" /><testcase classname="backend.tests.test_knowledge_wars_api.TestLobbyEndpoints" name="test_get_online_users" time="0.490" /><testcase classname="backend.tests.test_knowledge_wars_api.TestLobbyEndpoints" name="test_get_topics" time="0.428" /><testcase classname="backend.tests.test_knowledge_wars_api.TestLeaderboard" name="test_get_global_leaderboard" time="0.463" /><testcase classname="backend.tests.test_knowledge_wars_api.TestAdminEndpoints" name="test_admin_stats_without_key" time="0.105" /><testcase classname="backend.tests.test_knowledge_wars_api.TestAdminEndpoints" name="test_admin_stats_with_key" time="0.108" /><testcase classname="backend.tests.test_knowledge_wars_api.TestHealthEndpoint" name="test_health_check" time="0.120" /></testsuite></testsuites>