<?xml version="1.0" encoding="utf-8"?><testsuites name="pytest tests"><testsuite name="pytest" errors="0" failures="0" skipped="0" tests="11" time="7.370" timestamp="2026-04-02T02:55:38.162865+00:00" hostname="agent-env-36ef5330-7e27-4f85-ba4a-1d3474ad36cf"><testcase classname="backend.tests.test_rematch_feature.TestRematchFeature" name="test_01_health_check" time="0.119" /><testcase classname="backend.tests.test_rematch_feature.TestRematchFeature" name="test_02_login_user1" time="0.353" /><testcase classname="backend.tests.test_rematch_feature.TestRematchFeature" name="test_03_login_user2" time="0.373" /><testcase classname="backend.tests.test_rematch_feature.TestRematchFeature" name="test_04_create_normal_match_has_is_rematch_false" time="2.028" /><testcase classname="backend.tests.test_rematch_feature.TestRematchFeature" name="test_05_create_rematch_has_is_rematch_true" time="0.724" /><testcase classname="backend.tests.test_rematch_feature.TestRematchFeature" name="test_06_match_create_model_accepts_is_rematch" time="0.794" /><testcase classname="backend.tests.test_rematch_feature.TestRematchFeature" name="test_07_pending_matches_includes_is_rematch" time="0.850" /><testcase classname="backend.tests.test_rematch_feature.TestRematchFeature" name="test_08_match_document_structure" time="0.831" /><testcase classname="backend.tests.test_rematch_feature.TestRematchRegression" name="test_01_normal_challenge_still_works" time="0.755" /><testcase classname="backend.tests.test_rematch_feature.TestRematchRegression" name="test_02_lobby_endpoint_works" time="0.370" /><testcase classname="backend.tests.test_rematch_feature.TestRematchRegression" name="test_03_leaderboard_endpoint_works" time="0.108" /></testsuite></testsuites>